<?xml version="1.0" encoding="UTF-8" ?>
<testsuite tests="45" failures="0" name="cucumberOptions.TestRunner" time="0.026" errors="0" skipped="0">
  <properties>
    <property name="java.runtime.name" value="Java(TM) SE Runtime Environment"/>
    <property name="java.vm.version" value="11.0.4+10-LTS"/>
    <property name="sun.boot.library.path" value="C:\Program Files\Java\jdk-11.0.4\bin"/>
    <property name="maven.multiModuleProjectDirectory" value="C:\Users\USER\.jenkins\AutomationPractice"/>
    <property name="java.vm.vendor" value="Oracle Corporation"/>
    <property name="java.vendor.url" value="http://java.oracle.com/"/>
    <property name="guice.disable.misplaced.annotation.check" value="true"/>
    <property name="path.separator" value=";"/>
    <property name="java.vm.name" value="Java HotSpot(TM) 64-Bit Server VM"/>
    <property name="sun.os.patch.level" value="Service Pack 1"/>
    <property name="user.script" value=""/>
    <property name="user.country" value="IN"/>
    <property name="sun.java.launcher" value="SUN_STANDARD"/>
    <property name="java.vm.specification.name" value="Java Virtual Machine Specification"/>
    <property name="user.dir" value="C:\Users\USER\.jenkins\AutomationPractice"/>
    <property name="java.vm.compressedOopsMode" value="32-bit"/>
    <property name="java.runtime.version" value="11.0.4+10-LTS"/>
    <property name="java.awt.graphicsenv" value="sun.awt.Win32GraphicsEnvironment"/>
    <property name="os.arch" value="amd64"/>
    <property name="java.io.tmpdir" value="C:\Users\USER\AppData\Local\Temp\"/>
    <property name="line.separator" value="
"/>
    <property name="java.vm.specification.vendor" value="Oracle Corporation"/>
    <property name="user.variant" value=""/>
    <property name="os.name" value="Windows 7"/>
    <property name="classworlds.conf" value="C:\Studies\apache-maven-3.6.3\bin\..\bin\m2.conf"/>
    <property name="sun.jnu.encoding" value="Cp1252"/>
    <property name="java.library.path" value="C:\Program Files\Java\jdk-11.0.4\bin;C:\Windows\Sun\Java\bin;C:\Windows\system32;C:\Windows;C:\Studies\apache-maven-3.6.3/bin;C:\Windows\system32;C:\Windows;C:\Windows\System32\Wbem;C:\Windows\System32\WindowsPowerShell\v1.0\C:\Users\USER\AppData\Local\Android\Sdk\tools\binC:\Users\USER\AppData\Local\Android\Sdk\toolsC:\Users\USER\AppData\Local\Android\Sdk\platform-tools;C:\Program Files (x86)\nodejs\C:\Program Files (x86)\nodejs\node_modules\npm\binC:\Studies\apache-maven-3.6.3\bin;C:\Program Files\Java\jdk-11.0.4\bin;C:\Studies\apache-maven-3.6.3\bin;C:\Users\USER\AppData\Roaming\npm;."/>
    <property name="maven.conf" value="C:\Studies\apache-maven-3.6.3\bin\../conf"/>
    <property name="jdk.debug" value="release"/>
    <property name="java.class.version" value="55.0"/>
    <property name="java.specification.name" value="Java Platform API Specification"/>
    <property name="sun.management.compiler" value="HotSpot 64-Bit Tiered Compilers"/>
    <property name="os.version" value="6.1"/>
    <property name="library.jansi.path" value="C:\Studies\apache-maven-3.6.3\bin\..\lib\jansi-native"/>
    <property name="user.home" value="C:\Users\USER"/>
    <property name="user.timezone" value="Asia/Calcutta"/>
    <property name="java.awt.printerjob" value="sun.awt.windows.WPrinterJob"/>
    <property name="file.encoding" value="Cp1252"/>
    <property name="java.specification.version" value="11"/>
    <property name="user.name" value="USER"/>
    <property name="java.class.path" value="C:\Studies\apache-maven-3.6.3\bin\..\boot\plexus-classworlds-2.6.0.jar"/>
    <property name="java.vm.specification.version" value="11"/>
    <property name="sun.arch.data.model" value="64"/>
    <property name="sun.java.command" value="org.codehaus.plexus.classworlds.launcher.Launcher test"/>
    <property name="java.home" value="C:\Program Files\Java\jdk-11.0.4"/>
    <property name="user.language" value="en"/>
    <property name="java.specification.vendor" value="Oracle Corporation"/>
    <property name="awt.toolkit" value="sun.awt.windows.WToolkit"/>
    <property name="java.vm.info" value="mixed mode"/>
    <property name="java.version" value="11.0.4"/>
    <property name="java.vendor" value="Oracle Corporation"/>
    <property name="maven.home" value="C:\Studies\apache-maven-3.6.3\bin\.."/>
    <property name="file.separator" value="\"/>
    <property name="java.version.date" value="2019-07-16"/>
    <property name="java.vendor.url.bug" value="http://bugreport.java.com/bugreport/"/>
    <property name="sun.io.unicode.encoding" value="UnicodeLittle"/>
    <property name="sun.cpu.endian" value="little"/>
    <property name="java.vendor.version" value="18.9"/>
    <property name="sun.desktop" value="windows"/>
    <property name="sun.cpu.isalist" value="amd64"/>
  </properties>
  <testcase classname="Scenario: Facebook happy path login" name="Given User is on facebook home page" time="0.003"/>
  <testcase classname="Scenario: Facebook happy path login" name="When User will login with username &quot;karthik&quot; and password &quot;noone&quot;" time="0"/>
  <testcase classname="Scenario: Facebook happy path login" name="Then User will click on Login button" time="0"/>
  <testcase classname="Scenario: Facebook happy path login" name="And User will verify facebook header" time="0"/>
  <testcase classname="Scenario: Facebook happy path login" name="Scenario: Facebook happy path login" time="0.002"/>
  <testcase classname="Scenario: Facebook happy path login" name="Given Validate the browser" time="0"/>
  <testcase classname="Scenario: Facebook happy path login" name="When launch the browser" time="0"/>
  <testcase classname="Scenario: Facebook happy path login" name="Then verify the browser" time="0"/>
  <testcase classname="Scenario: Facebook happy path login" name="Given User is on facebook home page" time="0.001"/>
  <testcase classname="Scenario: Facebook happy path login" name="When User will login with username &quot;karthik&quot; and password &quot;noone&quot;" time="0"/>
  <testcase classname="Scenario: Facebook happy path login" name="Then User will click on Login button" time="0"/>
  <testcase classname="Scenario: Facebook happy path login" name="And User will verify facebook header" time="0"/>
  <testcase classname="Scenario: Facebook happy path login" name="Scenario: Facebook happy path login" time="0.001"/>
  <testcase classname="Scenario: Facebook happy path login page 2" name="Given Validate the browser" time="0"/>
  <testcase classname="Scenario: Facebook happy path login page 2" name="When launch the browser" time="0"/>
  <testcase classname="Scenario: Facebook happy path login page 2" name="Then verify the browser" time="0"/>
  <testcase classname="Scenario: Facebook happy path login page 2" name="Given User is on facebook home page" time="0"/>
  <testcase classname="Scenario: Facebook happy path login page 2" name="When User will login with username &quot;Wolverine&quot; and password &quot;noone&quot;" time="0"/>
  <testcase classname="Scenario: Facebook happy path login page 2" name="Then User will click on Login button" time="0"/>
  <testcase classname="Scenario: Facebook happy path login page 2" name="And User will verify facebook header" time="0"/>
  <testcase classname="Scenario: Facebook happy path login page 2" name="Scenario: Facebook happy path login page 2" time="0"/>
  <testcase classname="Scenario: Facebook happy path login page 3" name="Given Validate the browser" time="0"/>
  <testcase classname="Scenario: Facebook happy path login page 3" name="When launch the browser" time="0"/>
  <testcase classname="Scenario: Facebook happy path login page 3" name="Then verify the browser" time="0"/>
  <testcase classname="Scenario: Facebook happy path login page 3" name="Given User is on facebook home page" time="0"/>
  <testcase classname="Scenario: Facebook happy path login page 3" name="When User will login with following details" time="0"/>
  <testcase classname="Scenario: Facebook happy path login page 3" name="Then User will click on Login button" time="0"/>
  <testcase classname="Scenario: Facebook happy path login page 3" name="And User will verify facebook header" time="0"/>
  <testcase classname="Scenario: Facebook happy path login page 3" name="Scenario: Facebook happy path login page 3" time="0"/>
  <testcase classname="| user1 | pass1 |" name="Given Validate the browser" time="0"/>
  <testcase classname="| user1 | pass1 |" name="When launch the browser" time="0"/>
  <testcase classname="| user1 | pass1 |" name="Then verify the browser" time="0.001"/>
  <testcase classname="| user1 | pass1 |" name="Given User is on facebook home page" time="0"/>
  <testcase classname="| user1 | pass1 |" name="When User will login with following details of user1 and pass1" time="0"/>
  <testcase classname="| user1 | pass1 |" name="Then User will click on Login button" time="0"/>
  <testcase classname="| user1 | pass1 |" name="And User will verify facebook header" time="0"/>
  <testcase classname="| user1 | pass1 |" name="| user1 | pass1 |" time="0.017"/>
  <testcase classname="| user2 | pass2 |" name="Given Validate the browser" time="0"/>
  <testcase classname="| user2 | pass2 |" name="When launch the browser" time="0.001"/>
  <testcase classname="| user2 | pass2 |" name="Then verify the browser" time="0"/>
  <testcase classname="| user2 | pass2 |" name="Given User is on facebook home page" time="0"/>
  <testcase classname="| user2 | pass2 |" name="When User will login with following details of user2 and pass2" time="0"/>
  <testcase classname="| user2 | pass2 |" name="Then User will click on Login button" time="0"/>
  <testcase classname="| user2 | pass2 |" name="And User will verify facebook header" time="0"/>
  <testcase classname="| user2 | pass2 |" name="| user2 | pass2 |" time="0"/>
</testsuite>